<?xml version='1.0' encoding='UTF-8'?>
<project>
  <actions/>
  <description></description>
  <keepDependencies>false</keepDependencies>
  <properties>
    <hudson.model.ParametersDefinitionProperty>
      <parameterDefinitions>
        <hudson.model.StringParameterDefinition>
          <name>TEST_TAG</name>
          <description></description>
          <defaultValue>test-update-instance</defaultValue>
        </hudson.model.StringParameterDefinition>
      </parameterDefinitions>
    </hudson.model.ParametersDefinitionProperty>
  </properties>
  <scm class="hudson.scm.NullSCM"/>
  <canRoam>true</canRoam>
  <disabled>false</disabled>
  <blockBuildWhenDownstreamBuilding>false</blockBuildWhenDownstreamBuilding>
  <blockBuildWhenUpstreamBuilding>false</blockBuildWhenUpstreamBuilding>
  <triggers/>
  <concurrentBuild>false</concurrentBuild>
  <builders>
    <com.elasticbox.jenkins.builders.DeployBox plugin="elasticbox@0.9-SNAPSHOT">
      <id>com.elasticbox.jenkins.builders.DeployBox-8e11b523-9abe-4902-84d3-1309da145f65</id>
      <cloud>elasticbox</cloud>
      <workspace>test_admin</workspace>
      <box>com.elasticbox.jenkins.tests.boxes.test-binding-box</box>
      <boxVersion>com.elasticbox.jenkins.tests.boxes.test-binding-box</boxVersion>
      <profile>com.elasticbox.jenkins.tests.boxes.test-binding-box.test-profile</profile>
      <instances>1</instances>
      <variables>[{&quot;name&quot;:&quot;CONNECTION&quot;,&quot;value&quot;:&quot;connection&quot;,&quot;scope&quot;:&quot;&quot;,&quot;type&quot;:&quot;Text&quot;}]</variables>
      <skipIfExisting>false</skipIfExisting>
      <alternateAction>none</alternateAction>
      <waitForCompletion>true</waitForCompletion>
      <tags>${TEST_TAG}</tags>
    </com.elasticbox.jenkins.builders.DeployBox>
    <com.elasticbox.jenkins.builders.DeployBox plugin="elasticbox@0.9-SNAPSHOT">
      <id>com.elasticbox.jenkins.builders.DeployBox-cb8e688c-b006-40ff-ae22-d6eee7501149</id>
      <cloud>elasticbox</cloud>
      <workspace>test_admin</workspace>
      <box>com.elasticbox.jenkins.tests.boxes.test-linux-box</box>
      <boxVersion>com.elasticbox.jenkins.tests.boxes.test-linux-box</boxVersion>
      <profile>com.elasticbox.jenkins.tests.boxes.test-linux-box.test-profile</profile>
      <instances>1</instances>
      <variables>[]</variables>
      <skipIfExisting>false</skipIfExisting>
      <alternateAction>none</alternateAction>
      <waitForCompletion>true</waitForCompletion>
      <tags>${TEST_TAG}</tags>
    </com.elasticbox.jenkins.builders.DeployBox>
    <com.elasticbox.jenkins.builders.DeployBox plugin="elasticbox@0.9-SNAPSHOT">
      <id>com.elasticbox.jenkins.builders.DeployBox-adf45857-30fe-4c91-af89-98cfeaff9317</id>
      <cloud>elasticbox</cloud>
      <workspace>test_admin</workspace>
      <box>com.elasticbox.jenkins.tests.boxes.test-nested-box</box>
      <boxVersion>com.elasticbox.jenkins.tests.boxes.test-nested-box</boxVersion>
      <profile>com.elasticbox.jenkins.tests.boxes.test-nested-box.test-profile</profile>
      <instances>1</instances>
      <variables>[{&quot;name&quot;:&quot;BINDING&quot;,&quot;value&quot;:&quot;com.elasticbox.jenkins.builders.DeployBox-8e11b523-9abe-4902-84d3-1309da145f65&quot;,&quot;scope&quot;:&quot;&quot;,&quot;type&quot;:&quot;Binding&quot;},{&quot;name&quot;:&quot;ANY_BINDING&quot;,&quot;value&quot;:&quot;com.elasticbox.jenkins.builders.DeployBox-cb8e688c-b006-40ff-ae22-d6eee7501149&quot;,&quot;scope&quot;:&quot;nested&quot;,&quot;type&quot;:&quot;Binding&quot;}]</variables>
      <skipIfExisting>false</skipIfExisting>
      <alternateAction>none</alternateAction>
      <waitForCompletion>true</waitForCompletion>
      <tags>${TEST_TAG}</tags>
    </com.elasticbox.jenkins.builders.DeployBox>
    <com.elasticbox.jenkins.builders.DeployBox plugin="elasticbox@0.9-SNAPSHOT">
      <id>com.elasticbox.jenkins.builders.DeployBox-764c217f-e792-41f5-bd67-66d2a6994c4b</id>
      <cloud>elasticbox</cloud>
      <workspace>test_admin</workspace>
      <box>531123d9-5a73-42ff-ad70-87a6eb31442e</box>
      <boxVersion>531123d9-5a73-42ff-ad70-87a6eb31442e</boxVersion>
      <profile>com.elasticbox.jenkins.tests.boxes.test-deeply-nested-box.test-profile</profile>
      <instances>1</instances>
      <variables>[{&quot;name&quot;:&quot;BINDING&quot;,&quot;value&quot;:&quot;com.elasticbox.jenkins.builders.DeployBox-8e11b523-9abe-4902-84d3-1309da145f65&quot;,&quot;scope&quot;:&quot;nested&quot;,&quot;type&quot;:&quot;Binding&quot;},{&quot;name&quot;:&quot;ANY_BINDING&quot;,&quot;value&quot;:&quot;com.elasticbox.jenkins.builders.DeployBox-adf45857-30fe-4c91-af89-98cfeaff9317&quot;,&quot;scope&quot;:&quot;nested.nested&quot;,&quot;type&quot;:&quot;Binding&quot;}]</variables>
      <skipIfExisting>false</skipIfExisting>
      <alternateAction>none</alternateAction>
      <waitForCompletion>true</waitForCompletion>
      <tags>${TEST_TAG}</tags>
    </com.elasticbox.jenkins.builders.DeployBox>
    <com.elasticbox.jenkins.builders.ManageInstance plugin="elasticbox@0.9-SNAPSHOT">
      <cloud>elasticbox</cloud>
      <workspace>test_admin</workspace>
      <operations>
        <com.elasticbox.jenkins.builders.UpdateOperation>
          <tags>${TEST_TAG}</tags>
          <box>com.elasticbox.jenkins.tests.boxes.test-linux-box</box>
          <boxVersion>com.elasticbox.jenkins.tests.boxes.test-linux-box</boxVersion>
          <variables>[{&quot;name&quot;: &quot;ANY_BINDING&quot;, &quot;value&quot;: &quot;com.elasticbox.jenkins.builders.DeployBox-8e11b523-9abe-4902-84d3-1309da145f65&quot;, &quot;scope&quot;: &quot;&quot;, &quot;type&quot;: &quot;Binding&quot;}, {&quot;name&quot;: &quot;HTTP&quot;, &quot;value&quot;: &quot;8080&quot;, &quot;scope&quot;: &quot;&quot;, &quot;type&quot;: &quot;Port&quot;}, {&quot;name&quot;: &quot;VAR_WHOLE&quot;, &quot;value&quot;: &quot;${TEST_TAG}&quot;, &quot;scope&quot;: &quot;&quot;, &quot;type&quot;: &quot;Text&quot;}, {&quot;name&quot;: &quot;VAR_INSIDE&quot;, &quot;value&quot;: &quot;${TEST_TAG}&quot;, &quot;scope&quot;: &quot;&quot;, &quot;type&quot;: &quot;Text&quot;}, {&quot;name&quot;: &quot;INSTALL_EXIT_CODE&quot;, &quot;value&quot;: &quot;1&quot;, &quot;scope&quot;: &quot;&quot;, &quot;type&quot;: &quot;Number&quot;}]</variables>
        </com.elasticbox.jenkins.builders.UpdateOperation>
        <com.elasticbox.jenkins.builders.ReconfigureOperation>
          <tags>${TEST_TAG}</tags>
          <waitForCompletion>true</waitForCompletion>
        </com.elasticbox.jenkins.builders.ReconfigureOperation>
        <com.elasticbox.jenkins.builders.TerminateOperation>
          <tags>${TEST_TAG}</tags>
          <waitForCompletion>true</waitForCompletion>
          <waitForCompletionTimeout>60</waitForCompletionTimeout>
          <delete>true</delete>
          <force>true</force>
        </com.elasticbox.jenkins.builders.TerminateOperation>
      </operations>
    </com.elasticbox.jenkins.builders.ManageInstance>
  </builders>
  <publishers/>
  <buildWrappers/>
</project>
