<?xml version='1.0' encoding='UTF-8'?>
<project>
    <actions/>
    <description></description>
    <keepDependencies>false</keepDependencies>
    <properties>
        <hudson.model.ParametersDefinitionProperty>
            <parameterDefinitions>
                <hudson.model.StringParameterDefinition>
                    <name>TEST_TAG</name>
                    <description></description>
                    <defaultValue>test-update-instance</defaultValue>
                </hudson.model.StringParameterDefinition>
            </parameterDefinitions>
        </hudson.model.ParametersDefinitionProperty>
    </properties>
    <scm class="hudson.scm.NullSCM"/>
    <canRoam>true</canRoam>
    <disabled>false</disabled>
    <blockBuildWhenDownstreamBuilding>false</blockBuildWhenDownstreamBuilding>
    <blockBuildWhenUpstreamBuilding>false</blockBuildWhenUpstreamBuilding>
    <triggers/>
    <concurrentBuild>false</concurrentBuild>
    <builders>
        <com.elasticbox.jenkins.builders.UpdateBox plugin="elasticbox@0.9.7-SNAPSHOT">
            <cloud>elasticbox</cloud>
            <workspace>test_admin</workspace>
            <box>com.elasticbox.jenkins.tests.boxes.test-nested-box</box>
            <variables>
                [{"name": "VAR_FILE", "value": "${WORKSPACE}/test-nested-box.json", "scope": "", "type": "File"},
                {"name": "VAR_FILE", "value": "${WORKSPACE}/jenkins.png", "scope": "nested", "type": "File"}]
            </variables>
        </com.elasticbox.jenkins.builders.UpdateBox>
    </builders>
    <publishers/>
    <buildWrappers/>
</project>
