<?xml version='1.0' encoding='UTF-8'?>
<project>
  <actions/>
  <description></description>
  <keepDependencies>false</keepDependencies>
  <properties>
    <hudson.model.ParametersDefinitionProperty>
      <parameterDefinitions>
        <hudson.model.StringParameterDefinition>
          <name>TEST_TAG</name>
          <description></description>
          <defaultValue>test-tag</defaultValue>
        </hudson.model.StringParameterDefinition>
      </parameterDefinitions>
    </hudson.model.ParametersDefinitionProperty>
  </properties>
  <scm class="hudson.scm.NullSCM"/>
  <canRoam>true</canRoam>
  <disabled>false</disabled>
  <blockBuildWhenDownstreamBuilding>false</blockBuildWhenDownstreamBuilding>
  <blockBuildWhenUpstreamBuilding>false</blockBuildWhenUpstreamBuilding>
  <triggers class="vector"/>
  <concurrentBuild>false</concurrentBuild>
  <builders>
    <com.elasticbox.jenkins.builders.ManageInstance plugin="elasticbox@0.9.5-SNAPSHOT">
      <cloud>elasticbox</cloud>
      <workspace>test_admin</workspace>
      <operations>
        <com.elasticbox.jenkins.builders.TerminateOperation>
          <tags>${TEST_TAG}</tags>
          <waitForCompletion>true</waitForCompletion>
          <delete>true</delete>
          <force>true</force>
        </com.elasticbox.jenkins.builders.TerminateOperation>
      </operations>
    </com.elasticbox.jenkins.builders.ManageInstance>
    <com.elasticbox.jenkins.builders.DeployBox plugin="elasticbox@0.8.8-SNAPSHOT">
      <id>com.elasticbox.jenkins.builders.DeployBox-7b80286a-9174-4d5d-be34-469e8ecc4876</id>
      <cloud>elasticbox</cloud>
      <workspace>test_admin</workspace>
      <box>com.elasticbox.jenkins.tests.boxes.test-linux-box</box>
      <boxVersion>com.elasticbox.jenkins.tests.boxes.test-linux-box</boxVersion>
      <profile>com.elasticbox.jenkins.tests.boxes.test-linux-box.test-profile</profile>
      <instances>1</instances>
      <variables>
        [
            {"name":"HTTP","value":"80","scope":"","type":"Port"}
        ]
      </variables>
      <skipIfExisting>false</skipIfExisting>
      <alternateAction>none</alternateAction>
      <waitForCompletion>true</waitForCompletion>
      <tags>${BUILD_ID},${TEST_TAG}</tags>
    </com.elasticbox.jenkins.builders.DeployBox>
    <com.elasticbox.jenkins.builders.DeployBox plugin="elasticbox@0.8.8-SNAPSHOT">
      <id>com.elasticbox.jenkins.builders.DeployBox-a15eed89-3ec2-40a1-b93e-add35dad5075</id>
      <cloud>elasticbox</cloud>
      <workspace>test_admin</workspace>
      <box>com.elasticbox.jenkins.tests.boxes.test-binding-box</box>
      <boxVersion>com.elasticbox.jenkins.tests.boxes.test-binding-box</boxVersion>
      <profile>com.elasticbox.jenkins.tests.boxes.test-binding-box.test-profile</profile>
      <instances>1</instances>
      <variables>
        [
            {"name":"CONNECTION","value":"connect://${SLAVE_HOST_NAME}:${BUILD_NUMBER}","scope":"","type":"Text"}
        ]
      </variables>
      <skipIfExisting>false</skipIfExisting>
      <alternateAction>none</alternateAction>
      <waitForCompletion>true</waitForCompletion>
      <tags>${TEST_TAG}, test-instance-binding</tags>
    </com.elasticbox.jenkins.builders.DeployBox>
    <com.elasticbox.jenkins.builders.DeployBox plugin="elasticbox@0.8.8-SNAPSHOT">
      <id>com.elasticbox.jenkins.builders.DeployBox-ba74ebf0-240c-441b-bcfa-bb76d9c3689f</id>
      <cloud>elasticbox</cloud>
      <workspace>test_admin</workspace>
      <box>com.elasticbox.jenkins.tests.boxes.test-binding-box</box>
      <boxVersion>com.elasticbox.jenkins.tests.boxes.test-binding-box</boxVersion>
      <profile>com.elasticbox.jenkins.tests.boxes.test-binding-box.test-profile</profile>
      <instances>1</instances>
      <variables>
            [
                {"name":"CONNECTION","value":"connect://${SLAVE_HOST_NAME}:${BUILD_NUMBER}","scope":"","type":"Text"}
            ]
      </variables>
      <skipIfExisting>false</skipIfExisting>
      <alternateAction>none</alternateAction>
      <waitForCompletion>true</waitForCompletion>
      <tags>${JOB_NAME}-${BUILD_ID},${TEST_TAG}</tags>
    </com.elasticbox.jenkins.builders.DeployBox>
    <com.elasticbox.jenkins.builders.DeployBox plugin="elasticbox@0.8.8-SNAPSHOT">
      <id>com.elasticbox.jenkins.builders.DeployBox-a924d736-3021-474c-af50-ea1885c3a9cd</id>
      <cloud>elasticbox</cloud>
      <workspace>test_admin</workspace>
      <box>com.elasticbox.jenkins.tests.boxes.test-nested-box</box>
      <boxVersion>com.elasticbox.jenkins.tests.boxes.test-nested-box</boxVersion>
      <profile>com.elasticbox.jenkins.tests.boxes.test-nested-box.test-profile</profile>
      <instances>1</instances>
      <variables>
        [
          {"name": "BINDING", "value": "(test-instance-binding)", "scope": "", "type": "Binding"},
          {"name": "VAR_FILE", "value": "${WORKSPACE}/test-nested-box.json", "scope": "", "type": "File"}
        ]
      </variables>
      <skipIfExisting>false</skipIfExisting>
      <alternateAction>none</alternateAction>
      <waitForCompletion>true</waitForCompletion>
      <tags>${TEST_TAG}</tags>
    </com.elasticbox.jenkins.builders.DeployBox>
    <com.elasticbox.jenkins.builders.ManageInstance plugin="elasticbox@0.9.5-SNAPSHOT">
      <cloud>elasticbox</cloud>
      <workspace>test_admin</workspace>
      <operations>
        <com.elasticbox.jenkins.builders.UpdateOperation>
          <tags>${BUILD_ID}</tags>
          <box>com.elasticbox.jenkins.tests.boxes.test-linux-box</box>
          <boxVersion>com.elasticbox.jenkins.tests.boxes.test-linux-box</boxVersion>
          <variables>
            [
              {"name": "ANY_BINDING", "value": "(test-instance-binding)", "scope": "", "type": "Binding"},
              {"name": "VAR_INSIDE", "value": "SLAVE_HOST_NAME: ${SLAVE_HOST_NAME}", "scope": "", "type": "Text"}
            ]
          </variables>
        </com.elasticbox.jenkins.builders.UpdateOperation>
        <com.elasticbox.jenkins.builders.ReinstallOperation>
          <tags>${BUILD_ID}</tags>
          <waitForCompletion>true</waitForCompletion>
        </com.elasticbox.jenkins.builders.ReinstallOperation>
        <com.elasticbox.jenkins.builders.ReconfigureOperation>
          <tags>${BUILD_ID}</tags>
          <waitForCompletion>true</waitForCompletion>
        </com.elasticbox.jenkins.builders.ReconfigureOperation>
        <com.elasticbox.jenkins.builders.TerminateOperation>
          <tags>${BUILD_ID}</tags>
          <waitForCompletion>true</waitForCompletion>
          <delete>false</delete>
          <force>true</force>
        </com.elasticbox.jenkins.builders.TerminateOperation>
        <com.elasticbox.jenkins.builders.UpdateOperation>
          <tags>${JOB_NAME}-${BUILD_ID}</tags>
          <box>com.elasticbox.jenkins.tests.boxes.test-binding-box</box>
          <boxVersion>com.elasticbox.jenkins.tests.boxes.test-binding-box</boxVersion>
          <variables>
            [
                {"name": "CONNECTION", "value": "", "scope": "", "type": "Text"},
                {"name": "HTTPS", "value": "9443", "scope": "", "type": "Port"}
            ]
          </variables>
        </com.elasticbox.jenkins.builders.UpdateOperation>
        <com.elasticbox.jenkins.builders.UpdateOperation>
          <tags>${TEST_TAG}</tags>
          <box>com.elasticbox.jenkins.tests.boxes.test-nested-box</box>
          <boxVersion>com.elasticbox.jenkins.tests.boxes.test-nested-box</boxVersion>
          <variables>
            [
                {"name": "ANY_BINDING", "value": "(${JOB_NAME}-${BUILD_ID})", "scope": "nested", "type": "Binding"},
                {"name": "BINDING", "value": "", "scope": "", "type": "Binding"},
                {"name": "VAR_INSIDE", "value": "${TEST_TAG}", "scope": "nested", "type": "Text"},
                {"name": "HTTP", "value": "", "scope": "nested", "type": "Port"},
                {"name": "VAR_WHOLE", "value": "${TEST_TAG}", "scope": "", "type": "Text"},
                {"name": "VAR_INSIDE", "value": "${TEST_TAG}", "scope": "", "type": "Text"}
            ]
          </variables>
        </com.elasticbox.jenkins.builders.UpdateOperation>
        <com.elasticbox.jenkins.builders.ReconfigureOperation>
          <tags> ${TEST_TAG}</tags>
          <waitForCompletion>true</waitForCompletion>
        </com.elasticbox.jenkins.builders.ReconfigureOperation>
      </operations>
    </com.elasticbox.jenkins.builders.ManageInstance>
    <com.elasticbox.jenkins.builders.DeployBox plugin="elasticbox@0.8.8-SNAPSHOT">
      <id>com.elasticbox.jenkins.builders.DeployBox-ad677e58-fb68-4c51-97a1-f2e62e913771</id>
      <cloud>elasticbox</cloud>
      <workspace>test_admin</workspace>
      <box>com.elasticbox.jenkins.tests.boxes.test-binding-box</box>
      <boxVersion>com.elasticbox.jenkins.tests.boxes.test-binding-box</boxVersion>
      <profile>com.elasticbox.jenkins.tests.boxes.test-binding-box.test-profile</profile>
      <instances>1</instances>
      <variables>
        [
            {"name":"CONNECTION","value":"connect://${SLAVE_HOST_NAME}:${BUILD_NUMBER}","scope":"","type":"Text"}
        ]
      </variables>
      <skipIfExisting>false</skipIfExisting>
      <alternateAction>none</alternateAction>
      <waitForCompletion>true</waitForCompletion>
      <tags>${BUILD_TAG},${TEST_TAG}</tags>
    </com.elasticbox.jenkins.builders.DeployBox>
    <com.elasticbox.jenkins.builders.ManageInstance plugin="elasticbox@0.8.8-SNAPSHOT">
      <cloud>elasticbox</cloud>
      <workspace>test_admin</workspace>
      <operations>
        <com.elasticbox.jenkins.builders.ReconfigureOperation>
          <tags>${JOB_NAME}-${BUILD_ID}, ${TEST_TAG}</tags>
          <waitForCompletion>true</waitForCompletion>
        </com.elasticbox.jenkins.builders.ReconfigureOperation>
        <com.elasticbox.jenkins.builders.UpdateOperation>
          <tags> ${TEST_TAG}</tags>
          <box>com.elasticbox.jenkins.tests.boxes.test-nested-box</box>
          <boxVersion>com.elasticbox.jenkins.tests.boxes.test-nested-box</boxVersion>
          <variables>
              [
                {"name": "BINDING", "value": "(${BUILD_TAG})", "scope": "", "type": "Binding"},
                {"name": "ANY_BINDING", "value": "", "scope": "nested", "type": "Binding"},
                {"name": "VAR_FILE", "value": "${WORKSPACE}/jenkins.png", "scope": "nested", "type": "File"}
              ]
          </variables>
        </com.elasticbox.jenkins.builders.UpdateOperation>
        <com.elasticbox.jenkins.builders.ReinstallOperation>
          <tags>${JOB_NAME}-${BUILD_ID}, ${TEST_TAG}</tags>
          <waitForCompletion>true</waitForCompletion>
        </com.elasticbox.jenkins.builders.ReinstallOperation>
      </operations>
    </com.elasticbox.jenkins.builders.ManageInstance>
    <com.elasticbox.jenkins.builders.ManageInstance plugin="elasticbox@0.8.8-SNAPSHOT">
      <cloud>elasticbox</cloud>
      <workspace>test_admin</workspace>
      <operations>
        <com.elasticbox.jenkins.builders.StopOperation>
          <tags> ${TEST_TAG}</tags>
          <waitForCompletion>true</waitForCompletion>
        </com.elasticbox.jenkins.builders.StopOperation>
        <com.elasticbox.jenkins.builders.StartOperation>
          <tags> ${TEST_TAG}</tags>
          <waitForCompletion>true</waitForCompletion>
        </com.elasticbox.jenkins.builders.StartOperation>
      </operations>
    </com.elasticbox.jenkins.builders.ManageInstance>
  </builders>
  <publishers/>
  <buildWrappers/>
</project>
